<?xml version="1.0" encoding="UTF-8"?>
<!-- Generated by org.testng.reporters.JUnitXMLReporter -->
<testsuite ignored="0" hostname="LAPTOP-OSKC24QG" failures="0" tests="10" name="Test" time="54.624" errors="0" timestamp="2021-05-05T13:51:00 IST">
  <testcase classname="testcases.CarInsuranceFieldValidation" name="clickCarInsuranceTest" time="13.891"/>
  <testcase classname="testcases.CarInsuranceFieldValidation" name="clickProceedButtonTest" time="7.856"/>
  <testcase classname="testcases.CarInsuranceFieldValidation" name="selectCityTest" time="0.324"/>
  <testcase classname="testcases.CarInsuranceFieldValidation" name="selectCarBrandTest" time="3.153"/>
  <testcase classname="testcases.CarInsuranceFieldValidation" name="selectCarModelTest" time="0.333"/>
  <testcase classname="testcases.CarInsuranceFieldValidation" name="chooseFuelTypeTest" time="0.585"/>
  <testcase classname="testcases.CarInsuranceFieldValidation" name="selectCarVariantTest" time="0.255"/>
  <testcase classname="testcases.CarInsuranceFieldValidation" name="selectYearTest" time="0.252"/>
  <testcase classname="testcases.CarInsuranceFieldValidation" name="fillDetailsTest" time="0.876"/>
  <testcase classname="testcases.CarInsuranceFieldValidation" name="takeScreenshotTest" time="0.48"/>
</testsuite> <!-- Test -->
