<?xml version="1.0" encoding="UTF-8"?>
<!-- Generated by org.testng.reporters.JUnitXMLReporter -->
<testsuite ignored="0" hostname="DESKTOP-8A91SO9" failures="0" tests="3" name="TravelInsuranceDetailsTest" time="73.817" errors="0" timestamp="2021-04-19T08:11:39 IST">
  <testcase classname="testcases.TravelInsuranceDetailsTest" name="homePageTitle" time="10.042"/>
  <testcase classname="testcases.TravelInsuranceDetailsTest" name="checkExcelData" time="31.906"/>
  <testcase classname="testcases.TravelInsuranceDetailsTest" name="checkExcelData" time="29.208"/>
</testsuite> <!-- TravelInsuranceDetailsTest -->
